   0.31000   0.03500   0.01300   4.  94.  0.0  24.
   0.25500   0.06600   0.03711   1.  94.  0.0  25.
   0.21000   0.06600   0.01552   2.  99.  0.0  26.
   0.15000   0.04810   0.00839   1.  99.  0.0  28.
   0.34000   0.06790   0.00924   1.  99.  0.0  28.
   0.67000   0.05200   0.01208   4.  99.  0.0  29.
   0.40000   0.05200   0.00380   4. 101.  0.0  30.
   0.00973   0.00008   0.00512   7. 101.  0.0  31.
   0.03894   0.02059   0.01436   7. 101.  0.0  31.
   0.08761   0.04304   0.02378   7. 101.  0.0  31.
   0.15575   0.06132   0.02842   7. 101.  0.0  31.
   0.24337   0.06051   0.02453   7. 101.  0.0  31.
   0.35045   0.05916   0.01559   7. 101.  0.0  31.
   0.47700   0.05312   0.00916   7. 101.  0.0  31.
   0.62302   0.04794   0.00762   7. 101.  0.0  31.
   0.78851   0.04834   0.00849   7. 101.  0.0  31.
   0.97347   0.05032   0.00877   7. 101.  0.0  31.
   1.17790   0.04391   0.00958   7. 101.  0.0  31.
   1.40179   0.03265   0.01147   7. 101.  0.0  31.
   1.64516   0.03036   0.01247   7. 101.  0.0  31.
   0.49500   0.04632   0.00704   2. 101.  0.0  32.
   0.67000   0.04840   0.00710   4. 103.  0.0  33.
   0.44700   0.05500   0.00621   1. 103.  0.0  34.
   1.13200   0.03940   0.00314   1. 103.  0.0  34.
   1.45000   0.04110   0.00373   1. 103.  0.0  34.
   0.50000   0.05260   0.00420   2. 103.  0.0  35.
   1.00000   0.04540   0.00655   2. 103.  0.0  35.
   0.30000   0.05520   0.00627   1. 104.  0.0  36.
   0.59000   0.04770   0.00713   1. 104.  0.0  36.
   0.79000   0.04680   0.00917   1. 104.  0.0  36.
   0.14200   0.03400   0.00546   2. 108.  0.0  37.
   0.20300   0.04070   0.00580   2. 108.  0.0  37.
   0.29100   0.05020   0.00710   2. 108.  0.0  37.
   0.45100   0.04370   0.00767   2. 108.  0.0  37.
   1.72000   0.02360   0.00311   4. 110.  0.0  38.
   2.48000   0.02080   0.00306   4. 110.  0.0  38.
   3.41000   0.01470   0.00244   4. 110.  0.0  38.
   1.58000   0.02400   0.00585   4. 113.  0.0  39.
